2023-03-27 19:52:15,074 INFO [main] org.springframework.boot.StartupInfoLogger: Starting TokenlyBackendApplication using Java 19.0.2 with PID 186579 (/home/pedroca/Skole/FullStack/IDATT2105/target/classes started by pedroca in /home/pedroca/Skole/FullStack/IDATT2105)
2023-03-27 19:52:15,086 INFO [main] org.springframework.boot.SpringApplication: No active profile set, falling back to 1 default profile: "default"
2023-03-27 19:52:15,896 INFO [main] org.springframework.boot.web.embedded.tomcat.TomcatWebServer: Tomcat initialized with port(s): 8080 (http)
2023-03-27 19:52:15,902 INFO [main] org.apache.juli.logging.DirectJDKLog: Initializing ProtocolHandler ["http-nio-8080"]
2023-03-27 19:52:15,903 INFO [main] org.apache.juli.logging.DirectJDKLog: Starting service [Tomcat]
2023-03-27 19:52:15,903 INFO [main] org.apache.juli.logging.DirectJDKLog: Starting Servlet engine: [Apache Tomcat/10.1.5]
2023-03-27 19:52:15,959 INFO [main] org.apache.juli.logging.DirectJDKLog: Initializing Spring embedded WebApplicationContext
2023-03-27 19:52:15,960 INFO [main] org.springframework.boot.web.servlet.context.ServletWebServerApplicationContext: Root WebApplicationContext: initialization completed in 839 ms
2023-03-27 19:52:15,970 INFO [main] org.springframework.jdbc.datasource.embedded.EmbeddedDatabaseFactory: Starting embedded database: url='jdbc:h2:mem:tokenly-db;DB_CLOSE_DELAY=-1;DB_CLOSE_ON_EXIT=false', username='sa'
2023-03-27 19:52:16,150 INFO [main] org.springframework.boot.autoconfigure.h2.H2ConsoleAutoConfiguration: H2 console available at '/h2-console'. Database available at 'jdbc:h2:mem:tokenly-db'
2023-03-27 19:52:17,094 INFO [main] org.springframework.security.provisioning.JdbcUserDetailsManager: No authentication manager set. Reauthentication of users when changing passwords will not be performed.
2023-03-27 19:52:17,573 INFO [main] org.springframework.security.web.DefaultSecurityFilterChain: Will secure any request with [org.springframework.security.web.session.DisableEncodeUrlFilter@d504137, org.springframework.security.web.context.request.async.WebAsyncManagerIntegrationFilter@8432469, org.springframework.security.web.context.SecurityContextHolderFilter@46ab4efc, org.springframework.security.web.header.HeaderWriterFilter@29b5533, org.springframework.security.web.authentication.logout.LogoutFilter@d16209e, org.springframework.security.oauth2.server.resource.web.authentication.BearerTokenAuthenticationFilter@1322b575, org.springframework.security.web.savedrequest.RequestCacheAwareFilter@b5312df, org.springframework.security.web.servletapi.SecurityContextHolderAwareRequestFilter@472c9f88, org.springframework.security.web.authentication.AnonymousAuthenticationFilter@e4ca109, org.springframework.security.web.session.SessionManagementFilter@46b5f061, org.springframework.security.web.access.ExceptionTranslationFilter@77ce88c4, org.springframework.security.web.access.intercept.AuthorizationFilter@203765b2]
2023-03-27 19:52:17,755 INFO [main] org.apache.juli.logging.DirectJDKLog: Starting ProtocolHandler ["http-nio-8080"]
2023-03-27 19:52:17,776 INFO [main] org.springframework.boot.web.embedded.tomcat.TomcatWebServer: Tomcat started on port(s): 8080 (http) with context path ''
2023-03-27 19:52:17,786 INFO [main] org.springframework.boot.StartupInfoLogger: Started TokenlyBackendApplication in 2.959 seconds (process running for 3.585)
2023-03-27 19:52:30,547 INFO [http-nio-8080-exec-1] org.apache.juli.logging.DirectJDKLog: Initializing Spring DispatcherServlet 'dispatcherServlet'
2023-03-27 19:52:30,548 INFO [http-nio-8080-exec-1] org.springframework.web.servlet.FrameworkServlet: Initializing Servlet 'dispatcherServlet'
2023-03-27 19:52:30,549 INFO [http-nio-8080-exec-1] org.springframework.web.servlet.FrameworkServlet: Completed initialization in 1 ms
2023-03-27 20:12:47,090 INFO [SpringApplicationShutdownHook] org.springframework.jdbc.datasource.embedded.EmbeddedDatabaseFactory: Shutting down embedded database: url='jdbc:h2:mem:tokenly-db;DB_CLOSE_DELAY=-1;DB_CLOSE_ON_EXIT=false'
2023-03-27 20:12:51,305 INFO [main] org.springframework.boot.StartupInfoLogger: Starting TokenlyBackendApplication using Java 19.0.2 with PID 188155 (/home/pedroca/Skole/FullStack/IDATT2105/target/classes started by pedroca in /home/pedroca/Skole/FullStack/IDATT2105)
2023-03-27 20:12:51,307 INFO [main] org.springframework.boot.SpringApplication: No active profile set, falling back to 1 default profile: "default"
2023-03-27 20:12:52,146 INFO [main] org.springframework.boot.web.embedded.tomcat.TomcatWebServer: Tomcat initialized with port(s): 8080 (http)
2023-03-27 20:12:52,154 INFO [main] org.apache.juli.logging.DirectJDKLog: Initializing ProtocolHandler ["http-nio-8080"]
2023-03-27 20:12:52,154 INFO [main] org.apache.juli.logging.DirectJDKLog: Starting service [Tomcat]
2023-03-27 20:12:52,155 INFO [main] org.apache.juli.logging.DirectJDKLog: Starting Servlet engine: [Apache Tomcat/10.1.5]
2023-03-27 20:12:52,211 INFO [main] org.apache.juli.logging.DirectJDKLog: Initializing Spring embedded WebApplicationContext
2023-03-27 20:12:52,211 INFO [main] org.springframework.boot.web.servlet.context.ServletWebServerApplicationContext: Root WebApplicationContext: initialization completed in 867 ms
2023-03-27 20:12:52,224 INFO [main] org.springframework.jdbc.datasource.embedded.EmbeddedDatabaseFactory: Starting embedded database: url='jdbc:h2:mem:tokenly-db;DB_CLOSE_DELAY=-1;DB_CLOSE_ON_EXIT=false', username='sa'
2023-03-27 20:12:52,428 INFO [main] org.springframework.boot.autoconfigure.h2.H2ConsoleAutoConfiguration: H2 console available at '/h2-console'. Database available at 'jdbc:h2:mem:tokenly-db'
2023-03-27 20:12:52,913 INFO [main] org.springframework.security.provisioning.JdbcUserDetailsManager: No authentication manager set. Reauthentication of users when changing passwords will not be performed.
2023-03-27 20:12:53,426 INFO [main] org.springframework.security.web.DefaultSecurityFilterChain: Will secure any request with [org.springframework.security.web.session.DisableEncodeUrlFilter@1b47b7f5, org.springframework.security.web.context.request.async.WebAsyncManagerIntegrationFilter@506aa618, org.springframework.security.web.context.SecurityContextHolderFilter@7608a838, org.springframework.security.web.header.HeaderWriterFilter@9d99851, org.springframework.security.web.authentication.logout.LogoutFilter@3356ff58, org.springframework.security.oauth2.server.resource.web.authentication.BearerTokenAuthenticationFilter@203765b2, org.springframework.security.web.savedrequest.RequestCacheAwareFilter@21a6a494, org.springframework.security.web.servletapi.SecurityContextHolderAwareRequestFilter@37fef327, org.springframework.security.web.authentication.AnonymousAuthenticationFilter@4b6b5352, org.springframework.security.web.session.SessionManagementFilter@77ce88c4, org.springframework.security.web.access.ExceptionTranslationFilter@113eed88, org.springframework.security.web.access.intercept.AuthorizationFilter@9f9146d]
2023-03-27 20:12:53,625 INFO [main] org.apache.juli.logging.DirectJDKLog: Starting ProtocolHandler ["http-nio-8080"]
2023-03-27 20:12:53,645 INFO [main] org.springframework.boot.web.embedded.tomcat.TomcatWebServer: Tomcat started on port(s): 8080 (http) with context path ''
2023-03-27 20:12:53,655 INFO [main] org.springframework.boot.StartupInfoLogger: Started TokenlyBackendApplication in 2.635 seconds (process running for 3.152)
2023-03-27 20:13:39,408 INFO [SpringApplicationShutdownHook] org.springframework.jdbc.datasource.embedded.EmbeddedDatabaseFactory: Shutting down embedded database: url='jdbc:h2:mem:tokenly-db;DB_CLOSE_DELAY=-1;DB_CLOSE_ON_EXIT=false'
2023-03-27 20:13:42,822 INFO [main] org.springframework.boot.StartupInfoLogger: Starting TokenlyBackendApplication using Java 19.0.2 with PID 188400 (/home/pedroca/Skole/FullStack/IDATT2105/target/classes started by pedroca in /home/pedroca/Skole/FullStack/IDATT2105)
2023-03-27 20:13:42,824 INFO [main] org.springframework.boot.SpringApplication: No active profile set, falling back to 1 default profile: "default"
2023-03-27 20:13:43,760 INFO [main] org.springframework.boot.web.embedded.tomcat.TomcatWebServer: Tomcat initialized with port(s): 8080 (http)
2023-03-27 20:13:43,769 INFO [main] org.apache.juli.logging.DirectJDKLog: Initializing ProtocolHandler ["http-nio-8080"]
2023-03-27 20:13:43,770 INFO [main] org.apache.juli.logging.DirectJDKLog: Starting service [Tomcat]
2023-03-27 20:13:43,771 INFO [main] org.apache.juli.logging.DirectJDKLog: Starting Servlet engine: [Apache Tomcat/10.1.5]
2023-03-27 20:13:43,825 INFO [main] org.apache.juli.logging.DirectJDKLog: Initializing Spring embedded WebApplicationContext
2023-03-27 20:13:43,826 INFO [main] org.springframework.boot.web.servlet.context.ServletWebServerApplicationContext: Root WebApplicationContext: initialization completed in 964 ms
2023-03-27 20:13:43,836 INFO [main] org.springframework.jdbc.datasource.embedded.EmbeddedDatabaseFactory: Starting embedded database: url='jdbc:h2:mem:tokenly-db;DB_CLOSE_DELAY=-1;DB_CLOSE_ON_EXIT=false', username='sa'
2023-03-27 20:13:44,019 INFO [main] org.springframework.boot.autoconfigure.h2.H2ConsoleAutoConfiguration: H2 console available at '/h2-console'. Database available at 'jdbc:h2:mem:tokenly-db'
2023-03-27 20:13:46,750 INFO [main] org.springframework.security.provisioning.JdbcUserDetailsManager: No authentication manager set. Reauthentication of users when changing passwords will not be performed.
2023-03-27 20:13:47,379 INFO [main] org.springframework.security.web.DefaultSecurityFilterChain: Will secure any request with [org.springframework.security.web.session.DisableEncodeUrlFilter@76a1146d, org.springframework.security.web.context.request.async.WebAsyncManagerIntegrationFilter@6ef1c3f7, org.springframework.security.web.context.SecurityContextHolderFilter@3513d214, org.springframework.security.web.header.HeaderWriterFilter@106cd9c8, org.springframework.security.web.authentication.logout.LogoutFilter@9f9146d, org.springframework.security.oauth2.server.resource.web.authentication.BearerTokenAuthenticationFilter@adafe19, org.springframework.security.web.savedrequest.RequestCacheAwareFilter@46b5f061, org.springframework.security.web.servletapi.SecurityContextHolderAwareRequestFilter@2ff498b0, org.springframework.security.web.authentication.AnonymousAuthenticationFilter@3386c206, org.springframework.security.web.session.SessionManagementFilter@37fef327, org.springframework.security.web.access.ExceptionTranslationFilter@376b5cb2, org.springframework.security.web.access.intercept.AuthorizationFilter@51af8049]
2023-03-27 20:13:47,558 INFO [main] org.apache.juli.logging.DirectJDKLog: Starting ProtocolHandler ["http-nio-8080"]
2023-03-27 20:13:47,576 INFO [main] org.springframework.boot.web.embedded.tomcat.TomcatWebServer: Tomcat started on port(s): 8080 (http) with context path ''
2023-03-27 20:13:47,585 INFO [main] org.springframework.boot.StartupInfoLogger: Started TokenlyBackendApplication in 5.021 seconds (process running for 5.579)
2023-03-27 20:13:50,767 INFO [http-nio-8080-exec-1] org.apache.juli.logging.DirectJDKLog: Initializing Spring DispatcherServlet 'dispatcherServlet'
2023-03-27 20:13:50,767 INFO [http-nio-8080-exec-1] org.springframework.web.servlet.FrameworkServlet: Initializing Servlet 'dispatcherServlet'
2023-03-27 20:13:50,769 INFO [http-nio-8080-exec-1] org.springframework.web.servlet.FrameworkServlet: Completed initialization in 2 ms
2023-03-27 20:13:50,803 WARN [http-nio-8080-exec-1] org.springframework.web.servlet.handler.AbstractHandlerExceptionResolver: Resolved [org.springframework.web.HttpRequestMethodNotSupportedException: Request method 'GET' is not supported]
2023-03-27 20:16:23,117 INFO [SpringApplicationShutdownHook] org.springframework.jdbc.datasource.embedded.EmbeddedDatabaseFactory: Shutting down embedded database: url='jdbc:h2:mem:tokenly-db;DB_CLOSE_DELAY=-1;DB_CLOSE_ON_EXIT=false'
2023-03-27 20:16:25,568 INFO [main] org.springframework.boot.StartupInfoLogger: Starting TokenlyBackendApplication using Java 19.0.2 with PID 188696 (/home/pedroca/Skole/FullStack/IDATT2105/target/classes started by pedroca in /home/pedroca/Skole/FullStack/IDATT2105)
2023-03-27 20:16:25,570 INFO [main] org.springframework.boot.SpringApplication: No active profile set, falling back to 1 default profile: "default"
2023-03-27 20:16:26,391 INFO [main] org.springframework.boot.web.embedded.tomcat.TomcatWebServer: Tomcat initialized with port(s): 8080 (http)
2023-03-27 20:16:26,398 INFO [main] org.apache.juli.logging.DirectJDKLog: Initializing ProtocolHandler ["http-nio-8080"]
2023-03-27 20:16:26,399 INFO [main] org.apache.juli.logging.DirectJDKLog: Starting service [Tomcat]
2023-03-27 20:16:26,399 INFO [main] org.apache.juli.logging.DirectJDKLog: Starting Servlet engine: [Apache Tomcat/10.1.5]
2023-03-27 20:16:26,452 INFO [main] org.apache.juli.logging.DirectJDKLog: Initializing Spring embedded WebApplicationContext
2023-03-27 20:16:26,453 INFO [main] org.springframework.boot.web.servlet.context.ServletWebServerApplicationContext: Root WebApplicationContext: initialization completed in 848 ms
2023-03-27 20:16:26,464 INFO [main] org.springframework.jdbc.datasource.embedded.EmbeddedDatabaseFactory: Starting embedded database: url='jdbc:h2:mem:tokenly-db;DB_CLOSE_DELAY=-1;DB_CLOSE_ON_EXIT=false', username='sa'
2023-03-27 20:16:26,667 INFO [main] org.springframework.boot.autoconfigure.h2.H2ConsoleAutoConfiguration: H2 console available at '/h2-console'. Database available at 'jdbc:h2:mem:tokenly-db'
2023-03-27 20:16:27,356 INFO [main] org.springframework.security.provisioning.JdbcUserDetailsManager: No authentication manager set. Reauthentication of users when changing passwords will not be performed.
2023-03-27 20:16:27,858 INFO [main] org.springframework.security.web.DefaultSecurityFilterChain: Will secure any request with [org.springframework.security.web.session.DisableEncodeUrlFilter@6dded900, org.springframework.security.web.context.request.async.WebAsyncManagerIntegrationFilter@d504137, org.springframework.security.web.context.SecurityContextHolderFilter@108b121f, org.springframework.security.web.header.HeaderWriterFilter@11abd6c, org.springframework.security.web.authentication.logout.LogoutFilter@21c75084, org.springframework.security.oauth2.server.resource.web.authentication.BearerTokenAuthenticationFilter@3386c206, org.springframework.security.web.savedrequest.RequestCacheAwareFilter@2ff498b0, org.springframework.security.web.servletapi.SecurityContextHolderAwareRequestFilter@547aaa32, org.springframework.security.web.authentication.AnonymousAuthenticationFilter@8432469, org.springframework.security.web.session.SessionManagementFilter@7534785a, org.springframework.security.web.access.ExceptionTranslationFilter@78318ac2, org.springframework.security.web.access.intercept.AuthorizationFilter@40016ce1]
2023-03-27 20:16:28,032 INFO [main] org.apache.juli.logging.DirectJDKLog: Starting ProtocolHandler ["http-nio-8080"]
2023-03-27 20:16:28,049 INFO [main] org.springframework.boot.web.embedded.tomcat.TomcatWebServer: Tomcat started on port(s): 8080 (http) with context path ''
2023-03-27 20:16:28,058 INFO [main] org.springframework.boot.StartupInfoLogger: Started TokenlyBackendApplication in 2.783 seconds (process running for 3.384)
2023-03-27 20:16:39,814 INFO [http-nio-8080-exec-1] org.apache.juli.logging.DirectJDKLog: Initializing Spring DispatcherServlet 'dispatcherServlet'
2023-03-27 20:16:39,814 INFO [http-nio-8080-exec-1] org.springframework.web.servlet.FrameworkServlet: Initializing Servlet 'dispatcherServlet'
2023-03-27 20:16:39,815 INFO [http-nio-8080-exec-1] org.springframework.web.servlet.FrameworkServlet: Completed initialization in 1 ms
2023-03-27 20:17:03,342 INFO [SpringApplicationShutdownHook] org.springframework.jdbc.datasource.embedded.EmbeddedDatabaseFactory: Shutting down embedded database: url='jdbc:h2:mem:tokenly-db;DB_CLOSE_DELAY=-1;DB_CLOSE_ON_EXIT=false'
2023-03-27 20:17:06,519 INFO [main] org.springframework.boot.StartupInfoLogger: Starting TokenlyBackendApplication using Java 19.0.2 with PID 188960 (/home/pedroca/Skole/FullStack/IDATT2105/target/classes started by pedroca in /home/pedroca/Skole/FullStack/IDATT2105)
2023-03-27 20:17:06,521 INFO [main] org.springframework.boot.SpringApplication: No active profile set, falling back to 1 default profile: "default"
2023-03-27 20:17:07,345 INFO [main] org.springframework.boot.web.embedded.tomcat.TomcatWebServer: Tomcat initialized with port(s): 8080 (http)
2023-03-27 20:17:07,351 INFO [main] org.apache.juli.logging.DirectJDKLog: Initializing ProtocolHandler ["http-nio-8080"]
2023-03-27 20:17:07,352 INFO [main] org.apache.juli.logging.DirectJDKLog: Starting service [Tomcat]
2023-03-27 20:17:07,352 INFO [main] org.apache.juli.logging.DirectJDKLog: Starting Servlet engine: [Apache Tomcat/10.1.5]
2023-03-27 20:17:07,403 INFO [main] org.apache.juli.logging.DirectJDKLog: Initializing Spring embedded WebApplicationContext
2023-03-27 20:17:07,403 INFO [main] org.springframework.boot.web.servlet.context.ServletWebServerApplicationContext: Root WebApplicationContext: initialization completed in 849 ms
2023-03-27 20:17:07,414 INFO [main] org.springframework.jdbc.datasource.embedded.EmbeddedDatabaseFactory: Starting embedded database: url='jdbc:h2:mem:tokenly-db;DB_CLOSE_DELAY=-1;DB_CLOSE_ON_EXIT=false', username='sa'
2023-03-27 20:17:07,606 INFO [main] org.springframework.boot.autoconfigure.h2.H2ConsoleAutoConfiguration: H2 console available at '/h2-console'. Database available at 'jdbc:h2:mem:tokenly-db'
2023-03-27 20:17:09,345 INFO [main] org.springframework.security.provisioning.JdbcUserDetailsManager: No authentication manager set. Reauthentication of users when changing passwords will not be performed.
2023-03-27 20:17:09,848 INFO [main] org.springframework.security.web.DefaultSecurityFilterChain: Will secure any request with [org.springframework.security.web.session.DisableEncodeUrlFilter@3386c206, org.springframework.security.web.context.request.async.WebAsyncManagerIntegrationFilter@1322b575, org.springframework.security.web.context.SecurityContextHolderFilter@46b5f061, org.springframework.security.web.header.HeaderWriterFilter@78318ac2, org.springframework.security.web.authentication.logout.LogoutFilter@45e7bb79, org.springframework.security.oauth2.server.resource.web.authentication.BearerTokenAuthenticationFilter@76a1146d, org.springframework.security.web.savedrequest.RequestCacheAwareFilter@108b121f, org.springframework.security.web.servletapi.SecurityContextHolderAwareRequestFilter@4300e240, org.springframework.security.web.authentication.AnonymousAuthenticationFilter@6dded900, org.springframework.security.web.session.SessionManagementFilter@55951fcd, org.springframework.security.web.access.ExceptionTranslationFilter@106cd9c8, org.springframework.security.web.access.intercept.AuthorizationFilter@a9a8ec3]
2023-03-27 20:17:10,037 INFO [main] org.apache.juli.logging.DirectJDKLog: Starting ProtocolHandler ["http-nio-8080"]
2023-03-27 20:17:10,059 INFO [main] org.springframework.boot.web.embedded.tomcat.TomcatWebServer: Tomcat started on port(s): 8080 (http) with context path ''
2023-03-27 20:17:10,069 INFO [main] org.springframework.boot.StartupInfoLogger: Started TokenlyBackendApplication in 3.82 seconds (process running for 4.378)
2023-03-27 20:17:15,145 INFO [http-nio-8080-exec-1] org.apache.juli.logging.DirectJDKLog: Initializing Spring DispatcherServlet 'dispatcherServlet'
2023-03-27 20:17:15,145 INFO [http-nio-8080-exec-1] org.springframework.web.servlet.FrameworkServlet: Initializing Servlet 'dispatcherServlet'
2023-03-27 20:17:15,147 INFO [http-nio-8080-exec-1] org.springframework.web.servlet.FrameworkServlet: Completed initialization in 1 ms
2023-03-27 20:17:35,576 INFO [SpringApplicationShutdownHook] org.springframework.jdbc.datasource.embedded.EmbeddedDatabaseFactory: Shutting down embedded database: url='jdbc:h2:mem:tokenly-db;DB_CLOSE_DELAY=-1;DB_CLOSE_ON_EXIT=false'
2023-03-27 20:17:38,676 INFO [main] org.springframework.boot.StartupInfoLogger: Starting TokenlyBackendApplication using Java 19.0.2 with PID 189210 (/home/pedroca/Skole/FullStack/IDATT2105/target/classes started by pedroca in /home/pedroca/Skole/FullStack/IDATT2105)
2023-03-27 20:17:38,679 INFO [main] org.springframework.boot.SpringApplication: No active profile set, falling back to 1 default profile: "default"
2023-03-27 20:17:39,493 INFO [main] org.springframework.boot.web.embedded.tomcat.TomcatWebServer: Tomcat initialized with port(s): 8080 (http)
2023-03-27 20:17:39,499 INFO [main] org.apache.juli.logging.DirectJDKLog: Initializing ProtocolHandler ["http-nio-8080"]
2023-03-27 20:17:39,500 INFO [main] org.apache.juli.logging.DirectJDKLog: Starting service [Tomcat]
2023-03-27 20:17:39,500 INFO [main] org.apache.juli.logging.DirectJDKLog: Starting Servlet engine: [Apache Tomcat/10.1.5]
2023-03-27 20:17:39,551 INFO [main] org.apache.juli.logging.DirectJDKLog: Initializing Spring embedded WebApplicationContext
2023-03-27 20:17:39,551 INFO [main] org.springframework.boot.web.servlet.context.ServletWebServerApplicationContext: Root WebApplicationContext: initialization completed in 829 ms
2023-03-27 20:17:39,562 INFO [main] org.springframework.jdbc.datasource.embedded.EmbeddedDatabaseFactory: Starting embedded database: url='jdbc:h2:mem:tokenly-db;DB_CLOSE_DELAY=-1;DB_CLOSE_ON_EXIT=false', username='sa'
2023-03-27 20:17:39,759 INFO [main] org.springframework.boot.autoconfigure.h2.H2ConsoleAutoConfiguration: H2 console available at '/h2-console'. Database available at 'jdbc:h2:mem:tokenly-db'
2023-03-27 20:17:41,424 INFO [main] org.springframework.security.provisioning.JdbcUserDetailsManager: No authentication manager set. Reauthentication of users when changing passwords will not be performed.
2023-03-27 20:17:41,931 INFO [main] org.springframework.security.web.DefaultSecurityFilterChain: Will secure any request with [org.springframework.security.web.session.DisableEncodeUrlFilter@1b47b7f5, org.springframework.security.web.context.request.async.WebAsyncManagerIntegrationFilter@506aa618, org.springframework.security.web.context.SecurityContextHolderFilter@7608a838, org.springframework.security.web.header.HeaderWriterFilter@9d99851, org.springframework.security.web.authentication.logout.LogoutFilter@3356ff58, org.springframework.security.oauth2.server.resource.web.authentication.BearerTokenAuthenticationFilter@203765b2, org.springframework.security.web.savedrequest.RequestCacheAwareFilter@21a6a494, org.springframework.security.web.servletapi.SecurityContextHolderAwareRequestFilter@37fef327, org.springframework.security.web.authentication.AnonymousAuthenticationFilter@4b6b5352, org.springframework.security.web.session.SessionManagementFilter@77ce88c4, org.springframework.security.web.access.ExceptionTranslationFilter@113eed88, org.springframework.security.web.access.intercept.AuthorizationFilter@9f9146d]
2023-03-27 20:17:42,109 INFO [main] org.apache.juli.logging.DirectJDKLog: Starting ProtocolHandler ["http-nio-8080"]
2023-03-27 20:17:42,128 INFO [main] org.springframework.boot.web.embedded.tomcat.TomcatWebServer: Tomcat started on port(s): 8080 (http) with context path ''
2023-03-27 20:17:42,141 INFO [main] org.springframework.boot.StartupInfoLogger: Started TokenlyBackendApplication in 3.718 seconds (process running for 4.291)
2023-03-27 20:17:47,140 INFO [http-nio-8080-exec-1] org.apache.juli.logging.DirectJDKLog: Initializing Spring DispatcherServlet 'dispatcherServlet'
2023-03-27 20:17:47,141 INFO [http-nio-8080-exec-1] org.springframework.web.servlet.FrameworkServlet: Initializing Servlet 'dispatcherServlet'
2023-03-27 20:17:47,142 INFO [http-nio-8080-exec-1] org.springframework.web.servlet.FrameworkServlet: Completed initialization in 1 ms
2023-03-27 20:30:25,557 INFO [SpringApplicationShutdownHook] org.springframework.jdbc.datasource.embedded.EmbeddedDatabaseFactory: Shutting down embedded database: url='jdbc:h2:mem:tokenly-db;DB_CLOSE_DELAY=-1;DB_CLOSE_ON_EXIT=false'
2023-03-27 20:30:28,679 INFO [main] org.springframework.boot.StartupInfoLogger: Starting TokenlyBackendApplication using Java 19.0.2 with PID 189703 (/home/pedroca/Skole/FullStack/IDATT2105/target/classes started by pedroca in /home/pedroca/Skole/FullStack/IDATT2105)
2023-03-27 20:30:28,681 INFO [main] org.springframework.boot.SpringApplication: No active profile set, falling back to 1 default profile: "default"
2023-03-27 20:30:29,483 INFO [main] org.springframework.boot.web.embedded.tomcat.TomcatWebServer: Tomcat initialized with port(s): 8080 (http)
2023-03-27 20:30:29,490 INFO [main] org.apache.juli.logging.DirectJDKLog: Initializing ProtocolHandler ["http-nio-8080"]
2023-03-27 20:30:29,491 INFO [main] org.apache.juli.logging.DirectJDKLog: Starting service [Tomcat]
2023-03-27 20:30:29,491 INFO [main] org.apache.juli.logging.DirectJDKLog: Starting Servlet engine: [Apache Tomcat/10.1.5]
2023-03-27 20:30:29,544 INFO [main] org.apache.juli.logging.DirectJDKLog: Initializing Spring embedded WebApplicationContext
2023-03-27 20:30:29,545 INFO [main] org.springframework.boot.web.servlet.context.ServletWebServerApplicationContext: Root WebApplicationContext: initialization completed in 829 ms
2023-03-27 20:30:29,556 INFO [main] org.springframework.jdbc.datasource.embedded.EmbeddedDatabaseFactory: Starting embedded database: url='jdbc:h2:mem:tokenly-db;DB_CLOSE_DELAY=-1;DB_CLOSE_ON_EXIT=false', username='sa'
2023-03-27 20:30:29,740 INFO [main] org.springframework.boot.autoconfigure.h2.H2ConsoleAutoConfiguration: H2 console available at '/h2-console'. Database available at 'jdbc:h2:mem:tokenly-db'
2023-03-27 20:30:30,287 INFO [main] org.springframework.security.provisioning.JdbcUserDetailsManager: No authentication manager set. Reauthentication of users when changing passwords will not be performed.
2023-03-27 20:30:30,775 INFO [main] org.springframework.security.web.DefaultSecurityFilterChain: Will secure any request with [org.springframework.security.web.session.DisableEncodeUrlFilter@4b6b5352, org.springframework.security.web.context.request.async.WebAsyncManagerIntegrationFilter@1d6713dd, org.springframework.security.web.context.SecurityContextHolderFilter@21a6a494, org.springframework.security.web.header.HeaderWriterFilter@2ae3235e, org.springframework.security.web.authentication.logout.LogoutFilter@2aa6bbad, org.springframework.security.oauth2.server.resource.web.authentication.BearerTokenAuthenticationFilter@1b47b7f5, org.springframework.security.web.savedrequest.RequestCacheAwareFilter@4ab66127, org.springframework.security.web.servletapi.SecurityContextHolderAwareRequestFilter@55951fcd, org.springframework.security.web.authentication.AnonymousAuthenticationFilter@3b39e79b, org.springframework.security.web.session.SessionManagementFilter@29b5533, org.springframework.security.web.access.ExceptionTranslationFilter@9d99851, org.springframework.security.web.access.intercept.AuthorizationFilter@45e7bb79]
2023-03-27 20:30:30,953 INFO [main] org.apache.juli.logging.DirectJDKLog: Starting ProtocolHandler ["http-nio-8080"]
2023-03-27 20:30:30,972 INFO [main] org.springframework.boot.web.embedded.tomcat.TomcatWebServer: Tomcat started on port(s): 8080 (http) with context path ''
2023-03-27 20:30:30,981 INFO [main] org.springframework.boot.StartupInfoLogger: Started TokenlyBackendApplication in 2.564 seconds (process running for 3.167)
2023-03-27 20:30:36,946 INFO [http-nio-8080-exec-2] org.apache.juli.logging.DirectJDKLog: Initializing Spring DispatcherServlet 'dispatcherServlet'
2023-03-27 20:30:36,946 INFO [http-nio-8080-exec-2] org.springframework.web.servlet.FrameworkServlet: Initializing Servlet 'dispatcherServlet'
2023-03-27 20:30:36,947 INFO [http-nio-8080-exec-2] org.springframework.web.servlet.FrameworkServlet: Completed initialization in 0 ms
2023-03-27 20:38:07,709 INFO [SpringApplicationShutdownHook] org.springframework.jdbc.datasource.embedded.EmbeddedDatabaseFactory: Shutting down embedded database: url='jdbc:h2:mem:tokenly-db;DB_CLOSE_DELAY=-1;DB_CLOSE_ON_EXIT=false'
2023-03-27 20:38:11,634 INFO [main] org.springframework.boot.StartupInfoLogger: Starting TokenlyBackendApplication using Java 19.0.2 with PID 190199 (/home/pedroca/Skole/FullStack/IDATT2105/target/classes started by pedroca in /home/pedroca/Skole/FullStack/IDATT2105)
2023-03-27 20:38:11,636 INFO [main] org.springframework.boot.SpringApplication: No active profile set, falling back to 1 default profile: "default"
2023-03-27 20:38:12,503 INFO [main] org.springframework.boot.web.embedded.tomcat.TomcatWebServer: Tomcat initialized with port(s): 8080 (http)
2023-03-27 20:38:12,510 INFO [main] org.apache.juli.logging.DirectJDKLog: Initializing ProtocolHandler ["http-nio-8080"]
2023-03-27 20:38:12,511 INFO [main] org.apache.juli.logging.DirectJDKLog: Starting service [Tomcat]
2023-03-27 20:38:12,511 INFO [main] org.apache.juli.logging.DirectJDKLog: Starting Servlet engine: [Apache Tomcat/10.1.5]
2023-03-27 20:38:12,569 INFO [main] org.apache.juli.logging.DirectJDKLog: Initializing Spring embedded WebApplicationContext
2023-03-27 20:38:12,569 INFO [main] org.springframework.boot.web.servlet.context.ServletWebServerApplicationContext: Root WebApplicationContext: initialization completed in 897 ms
2023-03-27 20:38:12,580 INFO [main] org.springframework.jdbc.datasource.embedded.EmbeddedDatabaseFactory: Starting embedded database: url='jdbc:h2:mem:tokenly-db;DB_CLOSE_DELAY=-1;DB_CLOSE_ON_EXIT=false', username='sa'
2023-03-27 20:38:12,777 INFO [main] org.springframework.boot.autoconfigure.h2.H2ConsoleAutoConfiguration: H2 console available at '/h2-console'. Database available at 'jdbc:h2:mem:tokenly-db'
2023-03-27 20:38:13,220 INFO [main] org.springframework.security.provisioning.JdbcUserDetailsManager: No authentication manager set. Reauthentication of users when changing passwords will not be performed.
2023-03-27 20:38:13,743 INFO [main] org.springframework.security.web.DefaultSecurityFilterChain: Will secure any request with [org.springframework.security.web.session.DisableEncodeUrlFilter@1a17dd6f, org.springframework.security.web.context.request.async.WebAsyncManagerIntegrationFilter@be6d228, org.springframework.security.web.context.SecurityContextHolderFilter@5f409872, org.springframework.security.web.header.HeaderWriterFilter@794c5f5e, org.springframework.security.web.authentication.logout.LogoutFilter@51af8049, org.springframework.security.oauth2.server.resource.web.authentication.BearerTokenAuthenticationFilter@e4ca109, org.springframework.security.web.savedrequest.RequestCacheAwareFilter@472c9f88, org.springframework.security.web.servletapi.SecurityContextHolderAwareRequestFilter@7afbf2a0, org.springframework.security.web.authentication.AnonymousAuthenticationFilter@60c96eb4, org.springframework.security.web.session.SessionManagementFilter@2ff498b0, org.springframework.security.web.access.ExceptionTranslationFilter@75839695, org.springframework.security.web.access.intercept.AuthorizationFilter@4b6b5352]
2023-03-27 20:38:13,948 INFO [main] org.apache.juli.logging.DirectJDKLog: Starting ProtocolHandler ["http-nio-8080"]
2023-03-27 20:38:13,969 INFO [main] org.springframework.boot.web.embedded.tomcat.TomcatWebServer: Tomcat started on port(s): 8080 (http) with context path ''
2023-03-27 20:38:13,978 INFO [main] org.springframework.boot.StartupInfoLogger: Started TokenlyBackendApplication in 2.632 seconds (process running for 3.581)
2023-03-27 21:35:10,691 INFO [SpringApplicationShutdownHook] org.springframework.jdbc.datasource.embedded.EmbeddedDatabaseFactory: Shutting down embedded database: url='jdbc:h2:mem:tokenly-db;DB_CLOSE_DELAY=-1;DB_CLOSE_ON_EXIT=false'
2023-03-27 21:35:14,352 INFO [main] org.springframework.boot.StartupInfoLogger: Starting TokenlyBackendApplication using Java 19.0.2 with PID 191693 (/home/pedroca/Skole/FullStack/IDATT2105/target/classes started by pedroca in /home/pedroca/Skole/FullStack/IDATT2105)
2023-03-27 21:35:14,354 INFO [main] org.springframework.boot.SpringApplication: No active profile set, falling back to 1 default profile: "default"
2023-03-27 21:35:15,196 INFO [main] org.springframework.boot.web.embedded.tomcat.TomcatWebServer: Tomcat initialized with port(s): 8080 (http)
2023-03-27 21:35:15,204 INFO [main] org.apache.juli.logging.DirectJDKLog: Initializing ProtocolHandler ["http-nio-8080"]
2023-03-27 21:35:15,205 INFO [main] org.apache.juli.logging.DirectJDKLog: Starting service [Tomcat]
2023-03-27 21:35:15,205 INFO [main] org.apache.juli.logging.DirectJDKLog: Starting Servlet engine: [Apache Tomcat/10.1.5]
2023-03-27 21:35:15,257 INFO [main] org.apache.juli.logging.DirectJDKLog: Initializing Spring embedded WebApplicationContext
2023-03-27 21:35:15,257 INFO [main] org.springframework.boot.web.servlet.context.ServletWebServerApplicationContext: Root WebApplicationContext: initialization completed in 867 ms
2023-03-27 21:35:15,271 INFO [main] org.springframework.jdbc.datasource.embedded.EmbeddedDatabaseFactory: Starting embedded database: url='jdbc:h2:mem:tokenly-db;DB_CLOSE_DELAY=-1;DB_CLOSE_ON_EXIT=false', username='sa'
2023-03-27 21:35:15,472 INFO [main] org.springframework.boot.autoconfigure.h2.H2ConsoleAutoConfiguration: H2 console available at '/h2-console'. Database available at 'jdbc:h2:mem:tokenly-db'
2023-03-27 21:35:16,913 INFO [main] org.springframework.security.provisioning.JdbcUserDetailsManager: No authentication manager set. Reauthentication of users when changing passwords will not be performed.
2023-03-27 21:35:17,406 INFO [main] org.springframework.security.web.DefaultSecurityFilterChain: Will secure any request with [org.springframework.security.web.session.DisableEncodeUrlFilter@7e2bd5e6, org.springframework.security.web.context.request.async.WebAsyncManagerIntegrationFilter@76a1146d, org.springframework.security.web.context.SecurityContextHolderFilter@55951fcd, org.springframework.security.web.header.HeaderWriterFilter@775f15fd, org.springframework.security.web.authentication.logout.LogoutFilter@1426370c, org.springframework.security.oauth2.server.resource.web.authentication.BearerTokenAuthenticationFilter@2f86f9cf, org.springframework.security.web.savedrequest.RequestCacheAwareFilter@7534785a, org.springframework.security.web.servletapi.SecurityContextHolderAwareRequestFilter@46ab4efc, org.springframework.security.web.authentication.AnonymousAuthenticationFilter@6ef1c3f7, org.springframework.security.web.session.SessionManagementFilter@236861da, org.springframework.security.web.access.ExceptionTranslationFilter@4228f269, org.springframework.security.web.access.intercept.AuthorizationFilter@6d815fb7]
2023-03-27 21:35:17,568 INFO [main] org.apache.juli.logging.DirectJDKLog: Starting ProtocolHandler ["http-nio-8080"]
2023-03-27 21:35:17,585 INFO [main] org.springframework.boot.web.embedded.tomcat.TomcatWebServer: Tomcat started on port(s): 8080 (http) with context path ''
2023-03-27 21:35:17,593 INFO [main] org.springframework.boot.StartupInfoLogger: Started TokenlyBackendApplication in 3.493 seconds (process running for 4.048)
2023-03-27 21:36:07,684 INFO [http-nio-8080-exec-2] org.apache.juli.logging.DirectJDKLog: Initializing Spring DispatcherServlet 'dispatcherServlet'
2023-03-27 21:36:07,684 INFO [http-nio-8080-exec-2] org.springframework.web.servlet.FrameworkServlet: Initializing Servlet 'dispatcherServlet'
2023-03-27 21:36:07,685 INFO [http-nio-8080-exec-2] org.springframework.web.servlet.FrameworkServlet: Completed initialization in 1 ms
2023-03-27 21:36:07,708 WARN [http-nio-8080-exec-2] org.springframework.web.servlet.handler.AbstractHandlerExceptionResolver: Resolved [org.springframework.web.HttpRequestMethodNotSupportedException: Request method 'GET' is not supported]
2023-03-27 21:36:12,888 INFO [http-nio-8080-exec-3] ntnu.idi.idatt2015.tokenly.backend.controller.AuthController: User = LoginRequest[username=jane, password=null] is try to get a toke:
2023-03-27 21:36:12,889 INFO [http-nio-8080-exec-3] ntnu.idi.idatt2015.tokenly.backend.controller.AuthController: Information from the user is not correct.
2023-03-27 21:36:26,207 INFO [http-nio-8080-exec-5] ntnu.idi.idatt2015.tokenly.backend.controller.AuthController: User = LoginRequest[username=jane, password=password456] is try to get a toke:
2023-03-27 23:14:11,261 INFO [main] org.springframework.boot.StartupInfoLogger: Starting TokenlyBackendApplication using Java 19.0.1 with PID 18788 (C:\Users\Anders\IdeaProjects\Fullstack\tokenly\IDATT2105\target\classes started by Anders in C:\Users\Anders\IdeaProjects\Fullstack\tokenly\IDATT2105)
2023-03-27 23:14:11,267 INFO [main] org.springframework.boot.SpringApplication: No active profile set, falling back to 1 default profile: "default"
2023-03-27 23:14:14,272 INFO [main] org.springframework.boot.web.embedded.tomcat.TomcatWebServer: Tomcat initialized with port(s): 8080 (http)
2023-03-27 23:14:14,289 INFO [main] org.apache.juli.logging.DirectJDKLog: Initializing ProtocolHandler ["http-nio-8080"]
2023-03-27 23:14:14,297 INFO [main] org.apache.juli.logging.DirectJDKLog: Starting service [Tomcat]
2023-03-27 23:14:14,297 INFO [main] org.apache.juli.logging.DirectJDKLog: Starting Servlet engine: [Apache Tomcat/10.1.5]
2023-03-27 23:14:14,509 INFO [main] org.apache.juli.logging.DirectJDKLog: Initializing Spring embedded WebApplicationContext
2023-03-27 23:14:14,510 INFO [main] org.springframework.boot.web.servlet.context.ServletWebServerApplicationContext: Root WebApplicationContext: initialization completed in 3137 ms
2023-03-27 23:14:14,545 INFO [main] org.springframework.jdbc.datasource.embedded.EmbeddedDatabaseFactory: Starting embedded database: url='jdbc:h2:mem:tokenly-db;DB_CLOSE_DELAY=-1;DB_CLOSE_ON_EXIT=false', username='sa'
2023-03-27 23:14:15,297 INFO [main] org.springframework.boot.autoconfigure.h2.H2ConsoleAutoConfiguration: H2 console available at '/h2-console'. Database available at 'jdbc:h2:mem:tokenly-db'
2023-03-27 23:14:17,181 INFO [main] org.springframework.security.provisioning.JdbcUserDetailsManager: No authentication manager set. Reauthentication of users when changing passwords will not be performed.
2023-03-27 23:14:19,174 INFO [main] org.springframework.security.web.DefaultSecurityFilterChain: Will secure any request with [org.springframework.security.web.session.DisableEncodeUrlFilter@7db791df, org.springframework.security.web.context.request.async.WebAsyncManagerIntegrationFilter@1bfa5a13, org.springframework.security.web.context.SecurityContextHolderFilter@34f23816, org.springframework.security.web.header.HeaderWriterFilter@d28c214, org.springframework.security.web.authentication.logout.LogoutFilter@4656fcc5, org.springframework.security.oauth2.server.resource.web.authentication.BearerTokenAuthenticationFilter@36f6d25c, org.springframework.security.web.savedrequest.RequestCacheAwareFilter@12f9f896, org.springframework.security.web.servletapi.SecurityContextHolderAwareRequestFilter@5df92089, org.springframework.security.web.authentication.AnonymousAuthenticationFilter@1b1e1f02, org.springframework.security.web.session.SessionManagementFilter@1b791dca, org.springframework.security.web.access.ExceptionTranslationFilter@1bb96449, org.springframework.security.web.access.intercept.AuthorizationFilter@40f9f60d]
2023-03-27 23:14:19,649 INFO [main] org.apache.juli.logging.DirectJDKLog: Starting ProtocolHandler ["http-nio-8080"]
2023-03-27 23:14:19,702 INFO [main] org.springframework.boot.web.embedded.tomcat.TomcatWebServer: Tomcat started on port(s): 8080 (http) with context path ''
2023-03-27 23:14:19,724 INFO [main] org.springframework.boot.StartupInfoLogger: Started TokenlyBackendApplication in 9.278 seconds (process running for 11.887)
2023-03-27 23:16:43,341 INFO [http-nio-8080-exec-2] org.apache.juli.logging.DirectJDKLog: Initializing Spring DispatcherServlet 'dispatcherServlet'
2023-03-27 23:16:43,349 INFO [http-nio-8080-exec-2] org.springframework.web.servlet.FrameworkServlet: Initializing Servlet 'dispatcherServlet'
2023-03-27 23:16:43,356 INFO [http-nio-8080-exec-2] org.springframework.web.servlet.FrameworkServlet: Completed initialization in 5 ms
2023-03-27 23:17:07,127 INFO [http-nio-8080-exec-3] ntnu.idi.idatt2015.tokenly.backend.controller.AuthController: User = LoginRequest[username=jane, password=password456] is try to get a toke:
2023-03-27 23:17:55,266 INFO [SpringApplicationShutdownHook] org.springframework.jdbc.datasource.embedded.EmbeddedDatabaseFactory: Shutting down embedded database: url='jdbc:h2:mem:tokenly-db;DB_CLOSE_DELAY=-1;DB_CLOSE_ON_EXIT=false'
2023-03-27 23:20:06,155 INFO [main] org.springframework.boot.StartupInfoLogger: Starting TokenlyBackendApplication using Java 19.0.1 with PID 24724 (C:\Users\Anders\IdeaProjects\Fullstack\tokenly\IDATT2105\target\classes started by Anders in C:\Users\Anders\IdeaProjects\Fullstack\tokenly\IDATT2105)
2023-03-27 23:20:06,163 INFO [main] org.springframework.boot.SpringApplication: No active profile set, falling back to 1 default profile: "default"
2023-03-27 23:20:08,726 INFO [main] org.springframework.boot.web.embedded.tomcat.TomcatWebServer: Tomcat initialized with port(s): 8080 (http)
2023-03-27 23:20:08,750 INFO [main] org.apache.juli.logging.DirectJDKLog: Initializing ProtocolHandler ["http-nio-8080"]
2023-03-27 23:20:08,751 INFO [main] org.apache.juli.logging.DirectJDKLog: Starting service [Tomcat]
2023-03-27 23:20:08,752 INFO [main] org.apache.juli.logging.DirectJDKLog: Starting Servlet engine: [Apache Tomcat/10.1.5]
2023-03-27 23:20:08,928 INFO [main] org.apache.juli.logging.DirectJDKLog: Initializing Spring embedded WebApplicationContext
2023-03-27 23:20:08,929 INFO [main] org.springframework.boot.web.servlet.context.ServletWebServerApplicationContext: Root WebApplicationContext: initialization completed in 2619 ms
2023-03-27 23:20:08,981 INFO [main] org.springframework.jdbc.datasource.embedded.EmbeddedDatabaseFactory: Starting embedded database: url='jdbc:h2:mem:tokenly-db;DB_CLOSE_DELAY=-1;DB_CLOSE_ON_EXIT=false', username='sa'
2023-03-27 23:20:09,619 INFO [main] org.springframework.boot.autoconfigure.h2.H2ConsoleAutoConfiguration: H2 console available at '/h2-console'. Database available at 'jdbc:h2:mem:tokenly-db'
2023-03-27 23:20:11,296 INFO [main] org.springframework.security.provisioning.JdbcUserDetailsManager: No authentication manager set. Reauthentication of users when changing passwords will not be performed.
2023-03-27 23:20:13,327 INFO [main] org.springframework.security.web.DefaultSecurityFilterChain: Will secure any request with [org.springframework.security.web.session.DisableEncodeUrlFilter@2a2b7a35, org.springframework.security.web.context.request.async.WebAsyncManagerIntegrationFilter@58186f9f, org.springframework.security.web.context.SecurityContextHolderFilter@2d24cdd9, org.springframework.security.web.header.HeaderWriterFilter@699e0bf0, org.springframework.web.filter.CorsFilter@62faf77, org.springframework.security.web.csrf.CsrfFilter@50ff7063, org.springframework.security.web.authentication.logout.LogoutFilter@153cfd86, org.springframework.security.oauth2.server.resource.web.authentication.BearerTokenAuthenticationFilter@5bb7a59, org.springframework.security.web.savedrequest.RequestCacheAwareFilter@4656fcc5, org.springframework.security.web.servletapi.SecurityContextHolderAwareRequestFilter@e162a35, org.springframework.security.web.authentication.AnonymousAuthenticationFilter@1f39269d, org.springframework.security.web.session.SessionManagementFilter@25470477, org.springframework.security.web.access.ExceptionTranslationFilter@12e007be, org.springframework.security.web.access.intercept.AuthorizationFilter@316d30ad]
2023-03-27 23:20:13,898 INFO [main] org.apache.juli.logging.DirectJDKLog: Starting ProtocolHandler ["http-nio-8080"]
2023-03-27 23:20:13,956 INFO [main] org.springframework.boot.web.embedded.tomcat.TomcatWebServer: Tomcat started on port(s): 8080 (http) with context path ''
2023-03-27 23:20:13,976 INFO [main] org.springframework.boot.StartupInfoLogger: Started TokenlyBackendApplication in 8.849 seconds (process running for 10.418)
2023-03-27 23:20:27,561 INFO [SpringApplicationShutdownHook] org.springframework.jdbc.datasource.embedded.EmbeddedDatabaseFactory: Shutting down embedded database: url='jdbc:h2:mem:tokenly-db;DB_CLOSE_DELAY=-1;DB_CLOSE_ON_EXIT=false'
2023-03-27 23:21:42,486 INFO [main] org.springframework.boot.StartupInfoLogger: Starting TokenlyBackendApplication using Java 19.0.1 with PID 7860 (C:\Users\Anders\IdeaProjects\Fullstack\tokenly\IDATT2105\target\classes started by Anders in C:\Users\Anders\IdeaProjects\Fullstack\tokenly\IDATT2105)
2023-03-27 23:21:42,491 INFO [main] org.springframework.boot.SpringApplication: No active profile set, falling back to 1 default profile: "default"
2023-03-27 23:21:44,244 INFO [main] org.springframework.boot.web.embedded.tomcat.TomcatWebServer: Tomcat initialized with port(s): 8080 (http)
2023-03-27 23:21:44,259 INFO [main] org.apache.juli.logging.DirectJDKLog: Initializing ProtocolHandler ["http-nio-8080"]
2023-03-27 23:21:44,261 INFO [main] org.apache.juli.logging.DirectJDKLog: Starting service [Tomcat]
2023-03-27 23:21:44,262 INFO [main] org.apache.juli.logging.DirectJDKLog: Starting Servlet engine: [Apache Tomcat/10.1.5]
2023-03-27 23:21:44,406 INFO [main] org.apache.juli.logging.DirectJDKLog: Initializing Spring embedded WebApplicationContext
2023-03-27 23:21:44,407 INFO [main] org.springframework.boot.web.servlet.context.ServletWebServerApplicationContext: Root WebApplicationContext: initialization completed in 1847 ms
2023-03-27 23:21:44,435 INFO [main] org.springframework.jdbc.datasource.embedded.EmbeddedDatabaseFactory: Starting embedded database: url='jdbc:h2:mem:tokenly-db;DB_CLOSE_DELAY=-1;DB_CLOSE_ON_EXIT=false', username='sa'
2023-03-27 23:21:44,996 INFO [main] org.springframework.boot.autoconfigure.h2.H2ConsoleAutoConfiguration: H2 console available at '/h2-console'. Database available at 'jdbc:h2:mem:tokenly-db'
2023-03-27 23:21:45,651 INFO [main] org.springframework.security.provisioning.JdbcUserDetailsManager: No authentication manager set. Reauthentication of users when changing passwords will not be performed.
2023-03-27 23:21:46,952 INFO [main] org.springframework.security.web.DefaultSecurityFilterChain: Will secure any request with [org.springframework.security.web.session.DisableEncodeUrlFilter@58b97c15, org.springframework.security.web.context.request.async.WebAsyncManagerIntegrationFilter@26994c6a, org.springframework.security.web.context.SecurityContextHolderFilter@1124910c, org.springframework.security.web.header.HeaderWriterFilter@6a51ae7c, org.springframework.web.filter.CorsFilter@3cd46491, org.springframework.security.web.csrf.CsrfFilter@273dec10, org.springframework.security.web.authentication.logout.LogoutFilter@3321291a, org.springframework.security.oauth2.server.resource.web.authentication.BearerTokenAuthenticationFilter@754de353, org.springframework.security.web.savedrequest.RequestCacheAwareFilter@4a9869a8, org.springframework.security.web.servletapi.SecurityContextHolderAwareRequestFilter@628ba266, org.springframework.security.web.authentication.AnonymousAuthenticationFilter@27d98bef, org.springframework.security.web.session.SessionManagementFilter@27d73d22, org.springframework.security.web.access.ExceptionTranslationFilter@58e03769, org.springframework.security.web.access.intercept.AuthorizationFilter@7910f355]
2023-03-27 23:21:47,338 INFO [main] org.apache.juli.logging.DirectJDKLog: Starting ProtocolHandler ["http-nio-8080"]
2023-03-27 23:21:47,373 INFO [main] org.springframework.boot.web.embedded.tomcat.TomcatWebServer: Tomcat started on port(s): 8080 (http) with context path ''
2023-03-27 23:21:47,388 INFO [main] org.springframework.boot.StartupInfoLogger: Started TokenlyBackendApplication in 5.487 seconds (process running for 6.847)
2023-03-27 23:21:59,783 INFO [http-nio-8080-exec-2] org.apache.juli.logging.DirectJDKLog: Initializing Spring DispatcherServlet 'dispatcherServlet'
2023-03-27 23:21:59,788 INFO [http-nio-8080-exec-2] org.springframework.web.servlet.FrameworkServlet: Initializing Servlet 'dispatcherServlet'
2023-03-27 23:21:59,791 INFO [http-nio-8080-exec-2] org.springframework.web.servlet.FrameworkServlet: Completed initialization in 3 ms
2023-03-27 23:21:59,899 INFO [http-nio-8080-exec-2] ntnu.idi.idatt2015.tokenly.backend.controller.ItemListingController: User try to get all the item with listings with the following search information: Page =0
2023-03-27 23:21:59,899 INFO [http-nio-8080-exec-3] ntnu.idi.idatt2015.tokenly.backend.controller.ItemListingController: User try to get all the item with listings with the following search information: Page =0
2023-03-27 23:22:00,263 INFO [http-nio-8080-exec-4] ntnu.idi.idatt2015.tokenly.backend.controller.SourceController: A user try to get the source of a item
2023-03-27 23:22:00,264 INFO [http-nio-8080-exec-8] ntnu.idi.idatt2015.tokenly.backend.controller.SourceController: A user try to get the source of a item
2023-03-27 23:22:00,263 INFO [http-nio-8080-exec-7] ntnu.idi.idatt2015.tokenly.backend.controller.SourceController: A user try to get the source of a item
2023-03-27 23:22:00,264 INFO [http-nio-8080-exec-5] ntnu.idi.idatt2015.tokenly.backend.controller.SourceController: A user try to get the source of a item
2023-03-27 23:22:00,274 INFO [http-nio-8080-exec-9] ntnu.idi.idatt2015.tokenly.backend.controller.SourceController: A user try to get the source of a item
2023-03-27 23:22:00,280 INFO [http-nio-8080-exec-6] ntnu.idi.idatt2015.tokenly.backend.controller.SourceController: A user try to get the source of a item
2023-03-27 23:22:00,344 INFO [http-nio-8080-exec-6] ntnu.idi.idatt2015.tokenly.backend.controller.SourceController: A user try to get the source of a item
2023-03-27 23:22:00,408 INFO [http-nio-8080-exec-9] ntnu.idi.idatt2015.tokenly.backend.controller.SourceController: A user try to get the source of a item
2023-03-27 23:22:00,554 INFO [http-nio-8080-exec-10] ntnu.idi.idatt2015.tokenly.backend.controller.SourceController: A user try to get the source of a item
2023-03-27 23:22:00,651 INFO [http-nio-8080-exec-10] ntnu.idi.idatt2015.tokenly.backend.controller.SourceController: A user try to get the source of a item
2023-03-27 23:22:00,683 INFO [http-nio-8080-exec-9] ntnu.idi.idatt2015.tokenly.backend.controller.SourceController: A user try to get the source of a item
2023-03-27 23:22:00,691 INFO [http-nio-8080-exec-4] ntnu.idi.idatt2015.tokenly.backend.controller.SourceController: A user try to get the source of a item
2023-03-27 23:22:00,732 INFO [http-nio-8080-exec-5] ntnu.idi.idatt2015.tokenly.backend.controller.SourceController: A user try to get the source of a item
2023-03-27 23:24:15,296 INFO [SpringApplicationShutdownHook] org.springframework.jdbc.datasource.embedded.EmbeddedDatabaseFactory: Shutting down embedded database: url='jdbc:h2:mem:tokenly-db;DB_CLOSE_DELAY=-1;DB_CLOSE_ON_EXIT=false'
2023-03-27 23:24:24,689 INFO [main] org.springframework.boot.StartupInfoLogger: Starting TokenlyBackendApplication using Java 19.0.1 with PID 12140 (C:\Users\Anders\IdeaProjects\Fullstack\tokenly\IDATT2105\target\classes started by Anders in C:\Users\Anders\IdeaProjects\Fullstack\tokenly\IDATT2105)
2023-03-27 23:24:24,695 INFO [main] org.springframework.boot.SpringApplication: No active profile set, falling back to 1 default profile: "default"
2023-03-27 23:24:26,581 INFO [main] org.springframework.boot.web.embedded.tomcat.TomcatWebServer: Tomcat initialized with port(s): 8080 (http)
2023-03-27 23:24:26,601 INFO [main] org.apache.juli.logging.DirectJDKLog: Initializing ProtocolHandler ["http-nio-8080"]
2023-03-27 23:24:26,604 INFO [main] org.apache.juli.logging.DirectJDKLog: Starting service [Tomcat]
2023-03-27 23:24:26,604 INFO [main] org.apache.juli.logging.DirectJDKLog: Starting Servlet engine: [Apache Tomcat/10.1.5]
2023-03-27 23:24:26,783 INFO [main] org.apache.juli.logging.DirectJDKLog: Initializing Spring embedded WebApplicationContext
2023-03-27 23:24:26,784 INFO [main] org.springframework.boot.web.servlet.context.ServletWebServerApplicationContext: Root WebApplicationContext: initialization completed in 2017 ms
2023-03-27 23:24:26,816 INFO [main] org.springframework.jdbc.datasource.embedded.EmbeddedDatabaseFactory: Starting embedded database: url='jdbc:h2:mem:tokenly-db;DB_CLOSE_DELAY=-1;DB_CLOSE_ON_EXIT=false', username='sa'
2023-03-27 23:24:27,458 INFO [main] org.springframework.boot.autoconfigure.h2.H2ConsoleAutoConfiguration: H2 console available at '/h2-console'. Database available at 'jdbc:h2:mem:tokenly-db'
2023-03-27 23:24:28,572 INFO [main] org.springframework.security.provisioning.JdbcUserDetailsManager: No authentication manager set. Reauthentication of users when changing passwords will not be performed.
2023-03-27 23:24:29,901 INFO [main] org.springframework.security.web.DefaultSecurityFilterChain: Will secure any request with [org.springframework.security.web.session.DisableEncodeUrlFilter@3ea75b05, org.springframework.security.web.context.request.async.WebAsyncManagerIntegrationFilter@30d5e37c, org.springframework.security.web.context.SecurityContextHolderFilter@699e0bf0, org.springframework.security.web.header.HeaderWriterFilter@34f23816, org.springframework.web.filter.CorsFilter@1da745a2, org.springframework.security.web.authentication.logout.LogoutFilter@734a149a, org.springframework.security.oauth2.server.resource.web.authentication.BearerTokenAuthenticationFilter@18e6b72b, org.springframework.security.web.savedrequest.RequestCacheAwareFilter@36d697ab, org.springframework.security.web.servletapi.SecurityContextHolderAwareRequestFilter@5a899811, org.springframework.security.web.authentication.AnonymousAuthenticationFilter@4597e6e3, org.springframework.security.web.session.SessionManagementFilter@6b24ddd7, org.springframework.security.web.access.ExceptionTranslationFilter@15ac02d5, org.springframework.security.web.access.intercept.AuthorizationFilter@5c5f0edc]
2023-03-27 23:24:30,296 INFO [main] org.apache.juli.logging.DirectJDKLog: Starting ProtocolHandler ["http-nio-8080"]
2023-03-27 23:24:30,330 INFO [main] org.springframework.boot.web.embedded.tomcat.TomcatWebServer: Tomcat started on port(s): 8080 (http) with context path ''
2023-03-27 23:24:30,345 INFO [main] org.springframework.boot.StartupInfoLogger: Started TokenlyBackendApplication in 6.236 seconds (process running for 7.665)
2023-03-27 23:24:43,016 INFO [http-nio-8080-exec-1] org.apache.juli.logging.DirectJDKLog: Initializing Spring DispatcherServlet 'dispatcherServlet'
2023-03-27 23:24:43,020 INFO [http-nio-8080-exec-1] org.springframework.web.servlet.FrameworkServlet: Initializing Servlet 'dispatcherServlet'
2023-03-27 23:24:43,022 INFO [http-nio-8080-exec-1] org.springframework.web.servlet.FrameworkServlet: Completed initialization in 1 ms
2023-03-27 23:24:43,163 INFO [http-nio-8080-exec-2] ntnu.idi.idatt2015.tokenly.backend.controller.ItemListingController: User try to get all the item with listings with the following search information: Page =0
2023-03-27 23:24:43,163 INFO [http-nio-8080-exec-1] ntnu.idi.idatt2015.tokenly.backend.controller.ItemListingController: User try to get all the item with listings with the following search information: Page =0
2023-03-27 23:24:43,448 INFO [http-nio-8080-exec-4] ntnu.idi.idatt2015.tokenly.backend.controller.SourceController: A user try to get the source of a item
2023-03-27 23:24:43,449 INFO [http-nio-8080-exec-10] ntnu.idi.idatt2015.tokenly.backend.controller.SourceController: A user try to get the source of a item
2023-03-27 23:24:43,448 INFO [http-nio-8080-exec-6] ntnu.idi.idatt2015.tokenly.backend.controller.SourceController: A user try to get the source of a item
2023-03-27 23:24:43,449 INFO [http-nio-8080-exec-8] ntnu.idi.idatt2015.tokenly.backend.controller.SourceController: A user try to get the source of a item
2023-03-27 23:24:43,450 INFO [http-nio-8080-exec-5] ntnu.idi.idatt2015.tokenly.backend.controller.SourceController: A user try to get the source of a item
2023-03-27 23:24:43,450 INFO [http-nio-8080-exec-7] ntnu.idi.idatt2015.tokenly.backend.controller.SourceController: A user try to get the source of a item
2023-03-27 23:24:43,594 INFO [http-nio-8080-exec-5] ntnu.idi.idatt2015.tokenly.backend.controller.SourceController: A user try to get the source of a item
2023-03-27 23:24:43,595 INFO [http-nio-8080-exec-6] ntnu.idi.idatt2015.tokenly.backend.controller.SourceController: A user try to get the source of a item
2023-03-27 23:24:43,662 INFO [http-nio-8080-exec-7] ntnu.idi.idatt2015.tokenly.backend.controller.SourceController: A user try to get the source of a item
2023-03-27 23:24:43,701 INFO [http-nio-8080-exec-8] ntnu.idi.idatt2015.tokenly.backend.controller.SourceController: A user try to get the source of a item
2023-03-27 23:24:43,756 INFO [http-nio-8080-exec-10] ntnu.idi.idatt2015.tokenly.backend.controller.SourceController: A user try to get the source of a item
2023-03-27 23:24:43,742 INFO [http-nio-8080-exec-5] ntnu.idi.idatt2015.tokenly.backend.controller.SourceController: A user try to get the source of a item
2023-03-27 23:24:55,466 INFO [http-nio-8080-exec-9] ntnu.idi.idatt2015.tokenly.backend.controller.AuthController: User = LoginRequest[username=jane, password=password456] is try to get a toke:
2023-03-27 23:24:55,959 INFO [http-nio-8080-exec-3] ntnu.idi.idatt2015.tokenly.backend.controller.ItemListingController: User try to get all the item with listings with the following search information: Page =0
2023-03-27 23:24:55,975 INFO [http-nio-8080-exec-1] ntnu.idi.idatt2015.tokenly.backend.controller.ItemListingController: User try to get all the item with listings with the following search information: Page =0
2023-03-27 23:24:56,036 INFO [http-nio-8080-exec-7] ntnu.idi.idatt2015.tokenly.backend.controller.ChatController: A user is try to get all the chat of the user = jane
2023-03-27 23:24:56,049 INFO [http-nio-8080-exec-4] ntnu.idi.idatt2015.tokenly.backend.controller.SourceController: A user try to get the source of a item
2023-03-27 23:24:56,123 INFO [http-nio-8080-exec-8] ntnu.idi.idatt2015.tokenly.backend.controller.SourceController: A user try to get the source of a item
2023-03-27 23:24:56,289 INFO [http-nio-8080-exec-6] ntnu.idi.idatt2015.tokenly.backend.controller.MessageController: User try to get all the message of a chat by chats id = 1
2023-03-27 23:24:56,344 INFO [http-nio-8080-exec-9] ntnu.idi.idatt2015.tokenly.backend.controller.MessageController: User try to get all the message of a chat by chats id = 3
2023-03-27 23:24:56,363 INFO [http-nio-8080-exec-2] ntnu.idi.idatt2015.tokenly.backend.controller.MessageController: User try to get all the message of a chat by chats id = 12
2023-03-27 23:25:21,979 INFO [SpringApplicationShutdownHook] org.springframework.jdbc.datasource.embedded.EmbeddedDatabaseFactory: Shutting down embedded database: url='jdbc:h2:mem:tokenly-db;DB_CLOSE_DELAY=-1;DB_CLOSE_ON_EXIT=false'
2023-03-27 23:25:31,498 INFO [main] org.springframework.boot.StartupInfoLogger: Starting TokenlyBackendApplication using Java 19.0.1 with PID 20116 (C:\Users\Anders\IdeaProjects\Fullstack\tokenly\IDATT2105\target\classes started by Anders in C:\Users\Anders\IdeaProjects\Fullstack\tokenly\IDATT2105)
2023-03-27 23:25:31,502 INFO [main] org.springframework.boot.SpringApplication: No active profile set, falling back to 1 default profile: "default"
2023-03-27 23:25:33,495 INFO [main] org.springframework.boot.web.embedded.tomcat.TomcatWebServer: Tomcat initialized with port(s): 8080 (http)
2023-03-27 23:25:33,518 INFO [main] org.apache.juli.logging.DirectJDKLog: Initializing ProtocolHandler ["http-nio-8080"]
2023-03-27 23:25:33,521 INFO [main] org.apache.juli.logging.DirectJDKLog: Starting service [Tomcat]
2023-03-27 23:25:33,522 INFO [main] org.apache.juli.logging.DirectJDKLog: Starting Servlet engine: [Apache Tomcat/10.1.5]
2023-03-27 23:25:33,717 INFO [main] org.apache.juli.logging.DirectJDKLog: Initializing Spring embedded WebApplicationContext
2023-03-27 23:25:33,718 INFO [main] org.springframework.boot.web.servlet.context.ServletWebServerApplicationContext: Root WebApplicationContext: initialization completed in 2142 ms
2023-03-27 23:25:33,742 INFO [main] org.springframework.jdbc.datasource.embedded.EmbeddedDatabaseFactory: Starting embedded database: url='jdbc:h2:mem:tokenly-db;DB_CLOSE_DELAY=-1;DB_CLOSE_ON_EXIT=false', username='sa'
2023-03-27 23:25:34,274 INFO [main] org.springframework.boot.autoconfigure.h2.H2ConsoleAutoConfiguration: H2 console available at '/h2-console'. Database available at 'jdbc:h2:mem:tokenly-db'
2023-03-27 23:25:35,572 INFO [main] org.springframework.security.provisioning.JdbcUserDetailsManager: No authentication manager set. Reauthentication of users when changing passwords will not be performed.
2023-03-27 23:25:37,121 INFO [main] org.springframework.security.web.DefaultSecurityFilterChain: Will secure any request with [org.springframework.security.web.session.DisableEncodeUrlFilter@ee2ae9a, org.springframework.security.web.context.request.async.WebAsyncManagerIntegrationFilter@58b97c15, org.springframework.security.web.context.SecurityContextHolderFilter@e162a35, org.springframework.security.web.header.HeaderWriterFilter@5a899811, org.springframework.web.filter.CorsFilter@26994c6a, org.springframework.security.web.authentication.logout.LogoutFilter@5f935d49, org.springframework.security.oauth2.server.resource.web.authentication.BearerTokenAuthenticationFilter@6e321d9d, org.springframework.security.web.savedrequest.RequestCacheAwareFilter@f849027, org.springframework.security.web.servletapi.SecurityContextHolderAwareRequestFilter@6bd7439d, org.springframework.security.web.authentication.AnonymousAuthenticationFilter@3cd46491, org.springframework.security.web.session.SessionManagementFilter@2c16677c, org.springframework.security.web.access.ExceptionTranslationFilter@315b4202, org.springframework.security.web.access.intercept.AuthorizationFilter@5e3d2765]
2023-03-27 23:25:37,525 INFO [main] org.apache.juli.logging.DirectJDKLog: Starting ProtocolHandler ["http-nio-8080"]
2023-03-27 23:25:37,563 INFO [main] org.springframework.boot.web.embedded.tomcat.TomcatWebServer: Tomcat started on port(s): 8080 (http) with context path ''
2023-03-27 23:25:37,574 INFO [main] org.springframework.boot.StartupInfoLogger: Started TokenlyBackendApplication in 6.742 seconds (process running for 8.085)
2023-03-27 23:25:53,601 INFO [http-nio-8080-exec-1] org.apache.juli.logging.DirectJDKLog: Initializing Spring DispatcherServlet 'dispatcherServlet'
2023-03-27 23:25:53,602 INFO [http-nio-8080-exec-1] org.springframework.web.servlet.FrameworkServlet: Initializing Servlet 'dispatcherServlet'
2023-03-27 23:25:53,605 INFO [http-nio-8080-exec-1] org.springframework.web.servlet.FrameworkServlet: Completed initialization in 2 ms
2023-03-27 23:25:53,809 INFO [http-nio-8080-exec-1] ntnu.idi.idatt2015.tokenly.backend.controller.ItemListingController: User try to get all the item with listings with the following search information: Page =0
2023-03-27 23:25:53,810 INFO [http-nio-8080-exec-3] ntnu.idi.idatt2015.tokenly.backend.controller.ItemListingController: User try to get all the item with listings with the following search information: Page =0
2023-03-27 23:25:54,219 INFO [http-nio-8080-exec-5] ntnu.idi.idatt2015.tokenly.backend.controller.SourceController: A user try to get the source of a item
2023-03-27 23:25:54,221 INFO [http-nio-8080-exec-7] ntnu.idi.idatt2015.tokenly.backend.controller.SourceController: A user try to get the source of a item
2023-03-27 23:25:54,227 INFO [http-nio-8080-exec-6] ntnu.idi.idatt2015.tokenly.backend.controller.SourceController: A user try to get the source of a item
2023-03-27 23:25:54,229 INFO [http-nio-8080-exec-10] ntnu.idi.idatt2015.tokenly.backend.controller.SourceController: A user try to get the source of a item
2023-03-27 23:25:54,229 INFO [http-nio-8080-exec-8] ntnu.idi.idatt2015.tokenly.backend.controller.SourceController: A user try to get the source of a item
2023-03-27 23:25:54,236 INFO [http-nio-8080-exec-9] ntnu.idi.idatt2015.tokenly.backend.controller.SourceController: A user try to get the source of a item
2023-03-27 23:25:54,310 INFO [http-nio-8080-exec-9] ntnu.idi.idatt2015.tokenly.backend.controller.SourceController: A user try to get the source of a item
2023-03-27 23:25:54,324 INFO [http-nio-8080-exec-8] ntnu.idi.idatt2015.tokenly.backend.controller.SourceController: A user try to get the source of a item
2023-03-27 23:25:54,484 INFO [http-nio-8080-exec-1] ntnu.idi.idatt2015.tokenly.backend.controller.SourceController: A user try to get the source of a item
2023-03-27 23:25:54,485 INFO [http-nio-8080-exec-2] ntnu.idi.idatt2015.tokenly.backend.controller.SourceController: A user try to get the source of a item
2023-03-27 23:25:54,485 INFO [http-nio-8080-exec-4] ntnu.idi.idatt2015.tokenly.backend.controller.SourceController: A user try to get the source of a item
2023-03-27 23:25:54,531 INFO [http-nio-8080-exec-3] ntnu.idi.idatt2015.tokenly.backend.controller.SourceController: A user try to get the source of a item
2023-03-27 23:25:54,549 INFO [http-nio-8080-exec-3] ntnu.idi.idatt2015.tokenly.backend.controller.SourceController: A user try to get the source of a item
2023-03-27 23:26:04,234 INFO [http-nio-8080-exec-7] ntnu.idi.idatt2015.tokenly.backend.controller.AuthController: User = LoginRequest[username=jane, password=password456] is try to get a toke:
2023-03-27 23:26:04,614 INFO [http-nio-8080-exec-6] ntnu.idi.idatt2015.tokenly.backend.controller.ItemListingController: User try to get all the item with listings with the following search information: Page =0
2023-03-27 23:26:04,618 INFO [http-nio-8080-exec-10] ntnu.idi.idatt2015.tokenly.backend.controller.ItemListingController: User try to get all the item with listings with the following search information: Page =0
2023-03-27 23:26:04,659 INFO [http-nio-8080-exec-9] ntnu.idi.idatt2015.tokenly.backend.controller.ChatController: A user is try to get all the chat of the user = jane
2023-03-27 23:26:04,746 INFO [http-nio-8080-exec-2] ntnu.idi.idatt2015.tokenly.backend.controller.MessageController: User try to get all the message of a chat by chats id = 1
2023-03-27 23:26:04,774 INFO [http-nio-8080-exec-4] ntnu.idi.idatt2015.tokenly.backend.controller.MessageController: User try to get all the message of a chat by chats id = 3
2023-03-27 23:26:04,801 INFO [http-nio-8080-exec-7] ntnu.idi.idatt2015.tokenly.backend.controller.MessageController: User try to get all the message of a chat by chats id = 12
